# JRE version: OpenJDK Runtime Environment Temurin-21.0.9+10 (21.0.9+10) (build 21.0.9+10-LTS)
# Java VM: OpenJDK 64-Bit Server VM Temurin-21.0.9+10 (21.0.9+10-LTS, mixed mode, sharing, tiered, compressed oops, compressed class ptrs, parallel gc, windows-amd64)
GC Precious Log:
 CardTable entry size: 512
 CPUs: 16 total, 16 available
 Memory: 16087M
 Large Page Support: Disabled
 NUMA Support: Disabled
 Compressed Oops: Enabled (32-bit)
 Alignments: Space 512K, Generation 512K, Heap 2M
 Heap Min Capacity: 100M
 Heap Initial Capacity: 100M
 Heap Max Capacity: 2G
 Pre-touch: Disabled
 Parallel Workers: 13
Heap:
 PSYoungGen      total 16384K, used 5234K [0x00000000d5580000, 0x00000000d7180000, 0x0000000100000000)
  eden space 14336K, 22% used [0x00000000d5580000,0x00000000d58a0dd0,0x00000000d6380000)
  from space 2048K, 99% used [0x00000000d6380000,0x00000000d657bbf8,0x00000000d6580000)
  to   space 7168K, 0% used [0x00000000d6a80000,0x00000000d6a80000,0x00000000d7180000)
 ParOldGen       total 68608K, used 60997K [0x0000000080000000, 0x0000000084300000, 0x00000000d5580000)
  object space 68608K, 88% used [0x0000000080000000,0x0000000083b91748,0x0000000084300000)
 Metaspace       used 65632K, committed 66816K, reserved 1114112K
  class space    used 7047K, committed 7616K, reserved 1048576K
GC Heap History (20 events):
Event: 51.961 GC heap before
{Heap before GC invocations=34 (full 2):
 PSYoungGen      total 17408K, used 17075K [0x00000000d5580000, 0x00000000d6c80000, 0x0000000100000000)
  eden space 15872K, 100% used [0x00000000d5580000,0x00000000d6500000,0x00000000d6500000)
  from space 1536K, 78% used [0x00000000d6500000,0x00000000d662ccd0,0x00000000d6680000)
  to   space 3072K, 0% used [0x00000000d6980000,0x00000000d6980000,0x00000000d6c80000)
 ParOldGen       total 68608K, used 56543K [0x0000000080000000, 0x0000000084300000, 0x00000000d5580000)
  object space 68608K, 82% used [0x0000000080000000,0x0000000083737d20,0x0000000084300000)
 Metaspace       used 54650K, committed 55936K, reserved 1114112K
  class space    used 5830K, committed 6400K, reserved 1048576K
}
Event: 51.963 GC heap after
{Heap after GC invocations=34 (full 2):
 PSYoungGen      total 16384K, used 160K [0x00000000d5580000, 0x00000000d6a00000, 0x0000000100000000)
  eden space 15872K, 0% used [0x00000000d5580000,0x00000000d5580000,0x00000000d6500000)
  from space 512K, 31% used [0x00000000d6980000,0x00000000d69a8000,0x00000000d6a00000)
  to   space 1024K, 0% used [0x00000000d6800000,0x00000000d6800000,0x00000000d6900000)
 ParOldGen       total 68608K, used 56768K [0x0000000080000000, 0x0000000084300000, 0x00000000d5580000)
  object space 68608K, 82% used [0x0000000080000000,0x0000000083770330,0x0000000084300000)
 Metaspace       used 54650K, committed 55936K, reserved 1114112K
  class space    used 5830K, committed 6400K, reserved 1048576K
}
Event: 52.557 GC heap before
{Heap before GC invocations=35 (full 2):
 PSYoungGen      total 16384K, used 16032K [0x00000000d5580000, 0x00000000d6a00000, 0x0000000100000000)
  eden space 15872K, 100% used [0x00000000d5580000,0x00000000d6500000,0x00000000d6500000)
  from space 512K, 31% used [0x00000000d6980000,0x00000000d69a8000,0x00000000d6a00000)
  to   space 1024K, 0% used [0x00000000d6800000,0x00000000d6800000,0x00000000d6900000)
 ParOldGen       total 68608K, used 56768K [0x0000000080000000, 0x0000000084300000, 0x00000000d5580000)
  object space 68608K, 82% used [0x0000000080000000,0x0000000083770330,0x0000000084300000)
 Metaspace       used 55772K, committed 57088K, reserved 1114112K
  class space    used 5935K, committed 6528K, reserved 1048576K
}
Event: 52.559 GC heap after
{Heap after GC invocations=35 (full 2):
 PSYoungGen      total 16896K, used 1024K [0x00000000d5580000, 0x00000000d6a00000, 0x0000000100000000)
  eden space 15872K, 0% used [0x00000000d5580000,0x00000000d5580000,0x00000000d6500000)
  from space 1024K, 100% used [0x00000000d6800000,0x00000000d6900000,0x00000000d6900000)
  to   space 1024K, 0% used [0x00000000d6900000,0x00000000d6900000,0x00000000d6a00000)
 ParOldGen       total 68608K, used 56816K [0x0000000080000000, 0x0000000084300000, 0x00000000d5580000)
  object space 68608K, 82% used [0x0000000080000000,0x000000008377c330,0x0000000084300000)
 Metaspace       used 55772K, committed 57088K, reserved 1114112K
  class space    used 5935K, committed 6528K, reserved 1048576K
}
Event: 54.332 GC heap before
{Heap before GC invocations=36 (full 2):
 PSYoungGen      total 16896K, used 16896K [0x00000000d5580000, 0x00000000d6a00000, 0x0000000100000000)
  eden space 15872K, 100% used [0x00000000d5580000,0x00000000d6500000,0x00000000d6500000)
  from space 1024K, 100% used [0x00000000d6800000,0x00000000d6900000,0x00000000d6900000)
  to   space 1024K, 0% used [0x00000000d6900000,0x00000000d6900000,0x00000000d6a00000)
 ParOldGen       total 68608K, used 56816K [0x0000000080000000, 0x0000000084300000, 0x00000000d5580000)
  object space 68608K, 82% used [0x0000000080000000,0x000000008377c330,0x0000000084300000)
 Metaspace       used 56877K, committed 58112K, reserved 1114112K
  class space    used 6019K, committed 6592K, reserved 1048576K
}
Event: 54.336 GC heap after
{Heap after GC invocations=36 (full 2):
 PSYoungGen      total 16896K, used 1024K [0x00000000d5580000, 0x00000000d6b00000, 0x0000000100000000)
  eden space 15872K, 0% used [0x00000000d5580000,0x00000000d5580000,0x00000000d6500000)
  from space 1024K, 100% used [0x00000000d6900000,0x00000000d6a00000,0x00000000d6a00000)
  to   space 3072K, 0% used [0x00000000d6500000,0x00000000d6500000,0x00000000d6800000)
 ParOldGen       total 68608K, used 58144K [0x0000000080000000, 0x0000000084300000, 0x00000000d5580000)
  object space 68608K, 84% used [0x0000000080000000,0x00000000838c8278,0x0000000084300000)
 Metaspace       used 56877K, committed 58112K, reserved 1114112K
  class space    used 6019K, committed 6592K, reserved 1048576K
}
Event: 55.360 GC heap before
{Heap before GC invocations=37 (full 2):
 PSYoungGen      total 16896K, used 16896K [0x00000000d5580000, 0x00000000d6b00000, 0x0000000100000000)
  eden space 15872K, 100% used [0x00000000d5580000,0x00000000d6500000,0x00000000d6500000)
  from space 1024K, 100% used [0x00000000d6900000,0x00000000d6a00000,0x00000000d6a00000)
  to   space 3072K, 0% used [0x00000000d6500000,0x00000000d6500000,0x00000000d6800000)
 ParOldGen       total 68608K, used 58144K [0x0000000080000000, 0x0000000084300000, 0x00000000d5580000)
  object space 68608K, 84% used [0x0000000080000000,0x00000000838c8278,0x0000000084300000)
 Metaspace       used 58461K, committed 59776K, reserved 1114112K
  class space    used 6200K, committed 6784K, reserved 1048576K
}
Event: 55.368 GC heap after
{Heap after GC invocations=37 (full 2):
 PSYoungGen      total 17920K, used 1690K [0x00000000d5580000, 0x00000000d6980000, 0x0000000100000000)
  eden space 15872K, 0% used [0x00000000d5580000,0x00000000d5580000,0x00000000d6500000)
  from space 2048K, 82% used [0x00000000d6500000,0x00000000d66a6a00,0x00000000d6700000)
  to   space 2048K, 0% used [0x00000000d6780000,0x00000000d6780000,0x00000000d6980000)
 ParOldGen       total 68608K, used 59138K [0x0000000080000000, 0x0000000084300000, 0x00000000d5580000)
  object space 68608K, 86% used [0x0000000080000000,0x00000000839c0950,0x0000000084300000)
 Metaspace       used 58461K, committed 59776K, reserved 1114112K
  class space    used 6200K, committed 6784K, reserved 1048576K
}
Event: 55.435 GC heap before
{Heap before GC invocations=38 (full 2):
 PSYoungGen      total 17920K, used 3029K [0x00000000d5580000, 0x00000000d6980000, 0x0000000100000000)
  eden space 15872K, 8% used [0x00000000d5580000,0x00000000d56cec20,0x00000000d6500000)
  from space 2048K, 82% used [0x00000000d6500000,0x00000000d66a6a00,0x00000000d6700000)
  to   space 2048K, 0% used [0x00000000d6780000,0x00000000d6780000,0x00000000d6980000)
 ParOldGen       total 68608K, used 59138K [0x0000000080000000, 0x0000000084300000, 0x00000000d5580000)
  object space 68608K, 86% used [0x0000000080000000,0x00000000839c0950,0x0000000084300000)
 Metaspace       used 58524K, committed 59776K, reserved 1114112K
  class space    used 6208K, committed 6784K, reserved 1048576K
}
Event: 55.438 GC heap after
{Heap after GC invocations=38 (full 2):
 PSYoungGen      total 16384K, used 475K [0x00000000d5580000, 0x00000000d6800000, 0x0000000100000000)
  eden space 15872K, 0% used [0x00000000d5580000,0x00000000d5580000,0x00000000d6500000)
  from space 512K, 92% used [0x00000000d6780000,0x00000000d67f6cc8,0x00000000d6800000)
  to   space 1024K, 0% used [0x00000000d6600000,0x00000000d6600000,0x00000000d6700000)
 ParOldGen       total 68608K, used 60554K [0x0000000080000000, 0x0000000084300000, 0x00000000d5580000)
  object space 68608K, 88% used [0x0000000080000000,0x0000000083b22b30,0x0000000084300000)
 Metaspace       used 58524K, committed 59776K, reserved 1114112K
  class space    used 6208K, committed 6784K, reserved 1048576K
}
Event: 55.438 GC heap before
{Heap before GC invocations=39 (full 3):
 PSYoungGen      total 16384K, used 475K [0x00000000d5580000, 0x00000000d6800000, 0x0000000100000000)
  eden space 15872K, 0% used [0x00000000d5580000,0x00000000d5580000,0x00000000d6500000)
  from space 512K, 92% used [0x00000000d6780000,0x00000000d67f6cc8,0x00000000d6800000)
  to   space 1024K, 0% used [0x00000000d6600000,0x00000000d6600000,0x00000000d6700000)
 ParOldGen       total 68608K, used 60554K [0x0000000080000000, 0x0000000084300000, 0x00000000d5580000)
  object space 68608K, 88% used [0x0000000080000000,0x0000000083b22b30,0x0000000084300000)
 Metaspace       used 58524K, committed 59776K, reserved 1114112K
  class space    used 6208K, committed 6784K, reserved 1048576K
}
Event: 55.580 GC heap after
{Heap after GC invocations=39 (full 3):
 PSYoungGen      total 16384K, used 0K [0x00000000d5580000, 0x00000000d6800000, 0x0000000100000000)
  eden space 15872K, 0% used [0x00000000d5580000,0x00000000d5580000,0x00000000d6500000)
  from space 512K, 0% used [0x00000000d6780000,0x00000000d6780000,0x00000000d6800000)
  to   space 1024K, 0% used [0x00000000d6600000,0x00000000d6600000,0x00000000d6700000)
 ParOldGen       total 68608K, used 52740K [0x0000000080000000, 0x0000000084300000, 0x00000000d5580000)
  object space 68608K, 76% used [0x0000000080000000,0x00000000833810d0,0x0000000084300000)
 Metaspace       used 58524K, committed 59776K, reserved 1114112K
  class space    used 6208K, committed 6784K, reserved 1048576K
}
Event: 56.579 GC heap before
{Heap before GC invocations=40 (full 3):
 PSYoungGen      total 16384K, used 15872K [0x00000000d5580000, 0x00000000d6800000, 0x0000000100000000)
  eden space 15872K, 100% used [0x00000000d5580000,0x00000000d6500000,0x00000000d6500000)
  from space 512K, 0% used [0x00000000d6780000,0x00000000d6780000,0x00000000d6800000)
  to   space 1024K, 0% used [0x00000000d6600000,0x00000000d6600000,0x00000000d6700000)
 ParOldGen       total 68608K, used 52740K [0x0000000080000000, 0x0000000084300000, 0x00000000d5580000)
  object space 68608K, 76% used [0x0000000080000000,0x00000000833810d0,0x0000000084300000)
 Metaspace       used 60919K, committed 62208K, reserved 1114112K
  class space    used 6520K, committed 7104K, reserved 1048576K
}
Event: 56.581 GC heap after
{Heap after GC invocations=40 (full 3):
 PSYoungGen      total 16896K, used 1008K [0x00000000d5580000, 0x00000000d6900000, 0x0000000100000000)
  eden space 15872K, 0% used [0x00000000d5580000,0x00000000d5580000,0x00000000d6500000)
  from space 1024K, 98% used [0x00000000d6600000,0x00000000d66fc010,0x00000000d6700000)
  to   space 2048K, 0% used [0x00000000d6700000,0x00000000d6700000,0x00000000d6900000)
 ParOldGen       total 68608K, used 53291K [0x0000000080000000, 0x0000000084300000, 0x00000000d5580000)
  object space 68608K, 77% used [0x0000000080000000,0x000000008340ad30,0x0000000084300000)
 Metaspace       used 60919K, committed 62208K, reserved 1114112K
  class space    used 6520K, committed 7104K, reserved 1048576K
}
Event: 57.252 GC heap before
{Heap before GC invocations=41 (full 3):
 PSYoungGen      total 16896K, used 16880K [0x00000000d5580000, 0x00000000d6900000, 0x0000000100000000)
  eden space 15872K, 100% used [0x00000000d5580000,0x00000000d6500000,0x00000000d6500000)
  from space 1024K, 98% used [0x00000000d6600000,0x00000000d66fc010,0x00000000d6700000)
  to   space 2048K, 0% used [0x00000000d6700000,0x00000000d6700000,0x00000000d6900000)
 ParOldGen       total 68608K, used 53291K [0x0000000080000000, 0x0000000084300000, 0x00000000d5580000)
  object space 68608K, 77% used [0x0000000080000000,0x000000008340ad30,0x0000000084300000)
 Metaspace       used 63138K, committed 64384K, reserved 1114112K
  class space    used 6842K, committed 7424K, reserved 1048576K
}
Event: 57.257 GC heap after
{Heap after GC invocations=41 (full 3):
 PSYoungGen      total 16384K, used 2032K [0x00000000d5580000, 0x00000000d6c00000, 0x0000000100000000)
  eden space 14336K, 0% used [0x00000000d5580000,0x00000000d5580000,0x00000000d6380000)
  from space 2048K, 99% used [0x00000000d6700000,0x00000000d68fc010,0x00000000d6900000)
  to   space 3584K, 0% used [0x00000000d6380000,0x00000000d6380000,0x00000000d6700000)
 ParOldGen       total 68608K, used 54255K [0x0000000080000000, 0x0000000084300000, 0x00000000d5580000)
  object space 68608K, 79% used [0x0000000080000000,0x00000000834fbca0,0x0000000084300000)
 Metaspace       used 63138K, committed 64384K, reserved 1114112K
  class space    used 6842K, committed 7424K, reserved 1048576K
}
Event: 58.092 GC heap before
{Heap before GC invocations=42 (full 3):
 PSYoungGen      total 16384K, used 16368K [0x00000000d5580000, 0x00000000d6c00000, 0x0000000100000000)
  eden space 14336K, 100% used [0x00000000d5580000,0x00000000d6380000,0x00000000d6380000)
  from space 2048K, 99% used [0x00000000d6700000,0x00000000d68fc010,0x00000000d6900000)
  to   space 3584K, 0% used [0x00000000d6380000,0x00000000d6380000,0x00000000d6700000)
 ParOldGen       total 68608K, used 54255K [0x0000000080000000, 0x0000000084300000, 0x00000000d5580000)
  object space 68608K, 79% used [0x0000000080000000,0x00000000834fbca0,0x0000000084300000)
 Metaspace       used 63763K, committed 65024K, reserved 1114112K
  class space    used 6886K, committed 7488K, reserved 1048576K
}
Event: 58.096 GC heap after
{Heap after GC invocations=42 (full 3):
 PSYoungGen      total 15872K, used 1271K [0x00000000d5580000, 0x00000000d6780000, 0x0000000100000000)
  eden space 14336K, 0% used [0x00000000d5580000,0x00000000d5580000,0x00000000d6380000)
  from space 1536K, 82% used [0x00000000d6380000,0x00000000d64bded8,0x00000000d6500000)
  to   space 2048K, 0% used [0x00000000d6580000,0x00000000d6580000,0x00000000d6780000)
 ParOldGen       total 68608K, used 56048K [0x0000000080000000, 0x0000000084300000, 0x00000000d5580000)
  object space 68608K, 81% used [0x0000000080000000,0x00000000836bc158,0x0000000084300000)
 Metaspace       used 63763K, committed 65024K, reserved 1114112K
  class space    used 6886K, committed 7488K, reserved 1048576K
}
Event: 59.189 GC heap before
{Heap before GC invocations=43 (full 3):
 PSYoungGen      total 15872K, used 15607K [0x00000000d5580000, 0x00000000d6780000, 0x0000000100000000)
  eden space 14336K, 100% used [0x00000000d5580000,0x00000000d6380000,0x00000000d6380000)
  from space 1536K, 82% used [0x00000000d6380000,0x00000000d64bded8,0x00000000d6500000)
  to   space 2048K, 0% used [0x00000000d6580000,0x00000000d6580000,0x00000000d6780000)
 ParOldGen       total 68608K, used 56048K [0x0000000080000000, 0x0000000084300000, 0x00000000d5580000)
  object space 68608K, 81% used [0x0000000080000000,0x00000000836bc158,0x0000000084300000)
 Metaspace       used 64908K, committed 66240K, reserved 1114112K
  class space    used 7016K, committed 7616K, reserved 1048576K
}
Event: 59.192 GC heap after
{Heap after GC invocations=43 (full 3):
 PSYoungGen      total 16384K, used 1678K [0x00000000d5580000, 0x00000000d6780000, 0x0000000100000000)
  eden space 14336K, 0% used [0x00000000d5580000,0x00000000d5580000,0x00000000d6380000)
  from space 2048K, 81% used [0x00000000d6580000,0x00000000d6723b00,0x00000000d6780000)
  to   space 2048K, 0% used [0x00000000d6380000,0x00000000d6380000,0x00000000d6580000)
 ParOldGen       total 68608K, used 56953K [0x0000000080000000, 0x0000000084300000, 0x00000000d5580000)
  object space 68608K, 83% used [0x0000000080000000,0x000000008379e488,0x0000000084300000)
 Metaspace       used 64908K, committed 66240K, reserved 1114112K
  class space    used 7016K, committed 7616K, reserved 1048576K
}

